# JRE version: Java(TM) SE Runtime Environment 18.9 (11.0.17+10) (build 11.0.17+10-LTS-269)
# Java VM: Java HotSpot(TM) 64-Bit Server VM 18.9 (11.0.17+10-LTS-269, mixed mode, tiered, compressed oops, g1 gc, windows-amd64)
Heap:
 garbage-first heap   total 258048K, used 174185K [0x0000000704400000, 0x0000000800000000)
  region size 1024K, 9 young (9216K), 1 survivors (1024K)
 Metaspace       used 24098K, capacity 25003K, committed 25212K, reserved 1071104K
  class space    used 3276K, capacity 3668K, committed 3788K, reserved 1048576K
GC Heap History (8 events):
Event: 1.116 GC heap before
{Heap before GC invocations=0 (full 0):
 garbage-first heap   total 258048K, used 23552K [0x0000000704400000, 0x0000000800000000)
  region size 1024K, 24 young (24576K), 0 survivors (0K)
 Metaspace       used 11355K, capacity 11714K, committed 11904K, reserved 1060864K
  class space    used 1250K, capacity 1398K, committed 1408K, reserved 1048576K
}
Event: 1.121 GC heap after
{Heap after GC invocations=1 (full 0):
 garbage-first heap   total 258048K, used 2855K [0x0000000704400000, 0x0000000800000000)
  region size 1024K, 3 young (3072K), 3 survivors (3072K)
 Metaspace       used 11355K, capacity 11714K, committed 11904K, reserved 1060864K
  class space    used 1250K, capacity 1398K, committed 1408K, reserved 1048576K
}
Event: 2.130 GC heap before
{Heap before GC invocations=1 (full 0):
 garbage-first heap   total 258048K, used 42791K [0x0000000704400000, 0x0000000800000000)
  region size 1024K, 34 young (34816K), 3 survivors (3072K)
 Metaspace       used 20554K, capacity 21241K, committed 21296K, reserved 1067008K
  class space    used 2625K, capacity 2942K, committed 2944K, reserved 1048576K
}
Event: 2.141 GC heap after
{Heap after GC invocations=2 (full 0):
 garbage-first heap   total 258048K, used 17678K [0x0000000704400000, 0x0000000800000000)
  region size 1024K, 9 young (9216K), 9 survivors (9216K)
 Metaspace       used 20554K, capacity 21241K, committed 21296K, reserved 1067008K
  class space    used 2625K, capacity 2942K, committed 2944K, reserved 1048576K
}
Event: 3.050 GC heap before
{Heap before GC invocations=3 (full 0):
 garbage-first heap   total 258048K, used 29966K [0x0000000704400000, 0x0000000800000000)
  region size 1024K, 18 young (18432K), 9 survivors (9216K)
 Metaspace       used 22632K, capacity 23388K, committed 23676K, reserved 1069056K
  class space    used 2899K, capacity 3238K, committed 3276K, reserved 1048576K
}
Event: 3.058 GC heap after
{Heap after GC invocations=4 (full 0):
 garbage-first heap   total 258048K, used 21036K [0x0000000704400000, 0x0000000800000000)
  region size 1024K, 2 young (2048K), 2 survivors (2048K)
 Metaspace       used 22632K, capacity 23388K, committed 23676K, reserved 1069056K
  class space    used 2899K, capacity 3238K, committed 3276K, reserved 1048576K
}
Event: 3.799 GC heap before
{Heap before GC invocations=5 (full 0):
 garbage-first heap   total 258048K, used 162348K [0x0000000704400000, 0x0000000800000000)
  region size 1024K, 3 young (3072K), 2 survivors (2048K)
 Metaspace       used 22636K, capacity 23388K, committed 23676K, reserved 1069056K
  class space    used 2899K, capacity 3238K, committed 3276K, reserved 1048576K
}
Event: 3.801 GC heap after
{Heap after GC invocations=6 (full 0):
 garbage-first heap   total 258048K, used 161897K [0x0000000704400000, 0x0000000800000000)
  region size 1024K, 1 young (1024K), 1 survivors (1024K)
 Metaspace       used 22636K, capacity 23388K, committed 23676K, reserved 1069056K
  class space    used 2899K, capacity 3238K, committed 3276K, reserved 1048576K
}

