# JRE version: Java(TM) SE Runtime Environment 18.9 (11.0.17+10) (build 11.0.17+10-LTS-269)
# Java VM: Java HotSpot(TM) 64-Bit Server VM 18.9 (11.0.17+10-LTS-269, mixed mode, tiered, compressed oops, g1 gc, windows-amd64)
Heap:
 garbage-first heap   total 258048K, used 88198K [0x0000000704400000, 0x0000000800000000)
  region size 1024K, 59 young (60416K), 9 survivors (9216K)
 Metaspace       used 66385K, capacity 67945K, committed 68220K, reserved 1107968K
  class space    used 8923K, capacity 9616K, committed 9676K, reserved 1048576K
GC Heap History (10 events):
Event: 6.392 GC heap before
{Heap before GC invocations=5 (full 0):
 garbage-first heap   total 258048K, used 162258K [0x0000000704400000, 0x0000000800000000)
  region size 1024K, 3 young (3072K), 2 survivors (2048K)
 Metaspace       used 22714K, capacity 23519K, committed 23676K, reserved 1069056K
  class space    used 2892K, capacity 3238K, committed 3276K, reserved 1048576K
}
Event: 6.393 GC heap after
{Heap after GC invocations=6 (full 0):
 garbage-first heap   total 258048K, used 161756K [0x0000000704400000, 0x0000000800000000)
  region size 1024K, 1 young (1024K), 1 survivors (1024K)
 Metaspace       used 22714K, capacity 23519K, committed 23676K, reserved 1069056K
  class space    used 2892K, capacity 3238K, committed 3276K, reserved 1048576K
}
Event: 8.886 GC heap before
{Heap before GC invocations=7 (full 0):
 garbage-first heap   total 258048K, used 176092K [0x0000000704400000, 0x0000000800000000)
  region size 1024K, 11 young (11264K), 1 survivors (1024K)
 Metaspace       used 24566K, capacity 25489K, committed 25724K, reserved 1071104K
  class space    used 3290K, capacity 3701K, committed 3788K, reserved 1048576K
}
Event: 8.889 GC heap after
{Heap after GC invocations=8 (full 0):
 garbage-first heap   total 258048K, used 167627K [0x0000000704400000, 0x0000000800000000)
  region size 1024K, 2 young (2048K), 2 survivors (2048K)
 Metaspace       used 24566K, capacity 25489K, committed 25724K, reserved 1071104K
  class space    used 3290K, capacity 3701K, committed 3788K, reserved 1048576K
}
Event: 32.106 GC heap before
{Heap before GC invocations=9 (full 0):
 garbage-first heap   total 258048K, used 207563K [0x0000000704400000, 0x0000000800000000)
  region size 1024K, 34 young (34816K), 2 survivors (2048K)
 Metaspace       used 35316K, capacity 36298K, committed 36476K, reserved 1081344K
  class space    used 4484K, capacity 4931K, committed 5068K, reserved 1048576K
}
Event: 32.111 GC heap after
{Heap after GC invocations=10 (full 0):
 garbage-first heap   total 258048K, used 32913K [0x0000000704400000, 0x0000000800000000)
  region size 1024K, 5 young (5120K), 5 survivors (5120K)
 Metaspace       used 35316K, capacity 36298K, committed 36476K, reserved 1081344K
  class space    used 4484K, capacity 4931K, committed 5068K, reserved 1048576K
}
Event: 32.471 GC heap before
{Heap before GC invocations=10 (full 0):
 garbage-first heap   total 258048K, used 52369K [0x0000000704400000, 0x0000000800000000)
  region size 1024K, 25 young (25600K), 5 survivors (5120K)
 Metaspace       used 41693K, capacity 42813K, committed 42876K, reserved 1087488K
  class space    used 5304K, capacity 5804K, committed 5836K, reserved 1048576K
}
Event: 32.477 GC heap after
{Heap after GC invocations=11 (full 0):
 garbage-first heap   total 258048K, used 34139K [0x0000000704400000, 0x0000000800000000)
  region size 1024K, 7 young (7168K), 7 survivors (7168K)
 Metaspace       used 41693K, capacity 42813K, committed 42876K, reserved 1087488K
  class space    used 5304K, capacity 5804K, committed 5836K, reserved 1048576K
}
Event: 33.950 GC heap before
{Heap before GC invocations=12 (full 0):
 garbage-first heap   total 258048K, used 106843K [0x0000000704400000, 0x0000000800000000)
  region size 1024K, 79 young (80896K), 7 survivors (7168K)
 Metaspace       used 58201K, capacity 59522K, committed 59772K, reserved 1101824K
  class space    used 7709K, capacity 8268K, committed 8396K, reserved 1048576K
}
Event: 33.958 GC heap after
{Heap after GC invocations=13 (full 0):
 garbage-first heap   total 258048K, used 38022K [0x0000000704400000, 0x0000000800000000)
  region size 1024K, 9 young (9216K), 9 survivors (9216K)
 Metaspace       used 58201K, capacity 59522K, committed 59772K, reserved 1101824K
  class space    used 7709K, capacity 8268K, committed 8396K, reserved 1048576K
}

